<?xml version="1.0" encoding="UTF-8"?>
<testsuite name="creacion usurio para  compras  en la  pagina" tests="1" skipped="0" failures="0" errors="0" timestamp="2021-04-11T00:52:45" hostname="LAPTOP-GPOCFQI2" time="30.816">
  <properties/>
  <testcase name="creacion exitosa del usuario" classname="creacion usurio para  compras  en la  pagina" time="30.816"/>
  <system-out><![CDATA[]]></system-out>
  <system-err><![CDATA[abr 10, 2021 7:52:45 PM org.openqa.selenium.remote.DesiredCapabilities chrome
INFORMACIÓN: Using `new ChromeOptions()` is preferred to `DesiredCapabilities.chrome()`
Starting ChromeDriver 89.0.4389.23 (61b08ee2c50024bab004e48d2b1b083cdbdac579-refs/branch-heads/4389@{#294}) on port 4018
Only local connections are allowed.
Please see https://chromedriver.chromium.org/security-considerations for suggestions on keeping ChromeDriver safe.
ChromeDriver was started successfully.
abr 10, 2021 7:52:48 PM org.openqa.selenium.remote.ProtocolHandshake createSession
INFORMACIÓN: Detected dialect: W3C
]]></system-err>
</testsuite>
